<?xml version="1.0" encoding="UTF-8"?>
<testng-results ignored="0" total="1" passed="1" failed="0" skipped="0">
  <reporter-output>
  </reporter-output>
  <suite started-at="2022-12-09T10:38:33 IST" name="Default suite" finished-at="2022-12-09T10:40:15 IST" duration-ms="102320">
    <groups>
    </groups>
    <test started-at="2022-12-09T10:38:33 IST" name="Default test" finished-at="2022-12-09T10:40:15 IST" duration-ms="102320">
      <class name="hybrid.settings">
        <test-method is-config="true" signature="BT()[pri:0, instance:hybrid.settings@53976f5c]" started-at="2022-12-09T10:38:33 IST" name="BT" finished-at="2022-12-09T10:38:52 IST" duration-ms="18969" status="PASS">
          <reporter-output>
          </reporter-output>
        </test-method> <!-- BT -->
        <test-method signature="testcase1()[pri:0, instance:hybrid.settings@53976f5c]" started-at="2022-12-09T10:38:52 IST" name="testcase1" finished-at="2022-12-09T10:40:15 IST" duration-ms="83260" status="PASS">
          <reporter-output>
          </reporter-output>
        </test-method> <!-- testcase1 -->
      </class> <!-- hybrid.settings -->
    </test> <!-- Default test -->
  </suite> <!-- Default suite -->
</testng-results>
